This is pdfTeX, Version 3.14159265-2.6-1.40.17 (TeX Live 2016) (preloaded format=pdflatex 2017.3.16)  20 MAY 2017 18:14
entering extended mode
 restricted \write18 enabled.
 %&-line parsing enabled.
**article.tex
(./article.tex
LaTeX2e <2016/03/31>
Babel <3.9r> and hyphenation patterns for 83 language(s) loaded.
(/usr/local/texlive/2016/texmf-dist/tex/latex/base/article.cls
Document Class: article 2014/09/29 v1.4h Standard LaTeX document class
(/usr/local/texlive/2016/texmf-dist/tex/latex/base/size11.clo
File: size11.clo 2014/09/29 v1.4h Standard LaTeX file (size option)
)
\c@part=\count79
\c@section=\count80
\c@subsection=\count81
\c@subsubsection=\count82
\c@paragraph=\count83
\c@subparagraph=\count84
\c@figure=\count85
\c@table=\count86
\abovecaptionskip=\skip41
\belowcaptionskip=\skip42
\bibindent=\dimen102
)
(/usr/local/texlive/2016/texmf-dist/tex/generic/babel/babel.sty
Package: babel 2016/04/23 3.9r The Babel package

(/usr/local/texlive/2016/texmf-dist/tex/generic/babel-french/frenchb.ldf
Language: frenchb 2016/05/14 v3.2c French support from the babel system

(/usr/local/texlive/2016/texmf-dist/tex/generic/babel/babel.def
File: babel.def 2016/04/23 3.9r Babel common definitions
\babel@savecnt=\count87
\U@D=\dimen103
)
\l@acadian = a dialect from \language\l@french 
\l@canadien = a dialect from \language\l@french 
\FB@nonchar=\count88
\FBcolonskip=\skip43
\FBthinskip=\skip44
Package babel Info: Making : an active character on input line 365.
Package babel Info: Making ; an active character on input line 366.
Package babel Info: Making ! an active character on input line 367.
Package babel Info: Making ? an active character on input line 368.
\FBguillskip=\skip45
\FBguill@level=\count89
\FB@everypar=\toks14
\FB@Mht=\dimen104
\std@mcc=\count90
\dec@mcc=\count91
\listindentFB=\skip46
\labelwidthFB=\skip47
\leftmarginFB=\skip48
\parindentFFN=\dimen105
\FBfnindent=\skip49
))
(/usr/local/texlive/2016/texmf-dist/tex/latex/carlisle/scalefnt.sty)
(/usr/local/texlive/2016/texmf-dist/tex/latex/graphics/keyval.sty
Package: keyval 2014/10/28 v1.15 key=value parser (DPC)
\KV@toks@=\toks15
)
(/usr/local/texlive/2016/texmf-dist/tex/latex/base/inputenc.sty
Package: inputenc 2015/03/17 v1.2c Input encoding file
\inpenc@prehook=\toks16
\inpenc@posthook=\toks17

(/usr/local/texlive/2016/texmf-dist/tex/latex/base/latin1.def
File: latin1.def 2015/03/17 v1.2c Input encoding file
))
(/usr/local/texlive/2016/texmf-dist/tex/latex/base/fontenc.sty
Package: fontenc 2005/09/27 v1.99g Standard LaTeX package

(/usr/local/texlive/2016/texmf-dist/tex/latex/base/t1enc.def
File: t1enc.def 2005/09/27 v1.99g Standard LaTeX file
LaTeX Font Info:    Redeclaring font encoding T1 on input line 48.
))
(/usr/local/texlive/2016/texmf-dist/tex/latex/tools/verbatim.sty
Package: verbatim 2014/10/28 v1.5q LaTeX2e package for verbatim enhancements
\every@verbatim=\toks18
\verbatim@line=\toks19
\verbatim@in@stream=\read1
)
(/usr/local/texlive/2016/texmf-dist/tex/latex/graphics/graphicx.sty
Package: graphicx 2014/10/28 v1.0g Enhanced LaTeX Graphics (DPC,SPQR)

(/usr/local/texlive/2016/texmf-dist/tex/latex/graphics/graphics.sty
Package: graphics 2016/05/09 v1.0r Standard LaTeX Graphics (DPC,SPQR)

(/usr/local/texlive/2016/texmf-dist/tex/latex/graphics/trig.sty
Package: trig 2016/01/03 v1.10 sin cos tan (DPC)
)
(/usr/local/texlive/2016/texmf-dist/tex/latex/graphics-cfg/graphics.cfg
File: graphics.cfg 2016/01/02 v1.10 sample graphics configuration
)
Package graphics Info: Driver file: pdftex.def on input line 96.

(/usr/local/texlive/2016/texmf-dist/tex/latex/pdftex-def/pdftex.def
File: pdftex.def 2011/05/27 v0.06d Graphics/color for pdfTeX

(/usr/local/texlive/2016/texmf-dist/tex/generic/oberdiek/infwarerr.sty
Package: infwarerr 2016/05/16 v1.4 Providing info/warning/error messages (HO)
)
(/usr/local/texlive/2016/texmf-dist/tex/generic/oberdiek/ltxcmds.sty
Package: ltxcmds 2016/05/16 v1.23 LaTeX kernel commands for general use (HO)
)
\Gread@gobject=\count92
))
\Gin@req@height=\dimen106
\Gin@req@width=\dimen107
)
(/usr/local/texlive/2016/texmf-dist/tex/latex/oberdiek/epstopdf.sty
Package: epstopdf 2016/05/15 v2.6 Conversion with epstopdf on the fly (HO)

(/usr/local/texlive/2016/texmf-dist/tex/latex/oberdiek/epstopdf-base.sty
Package: epstopdf-base 2016/05/15 v2.6 Base part for package epstopdf

(/usr/local/texlive/2016/texmf-dist/tex/latex/oberdiek/grfext.sty
Package: grfext 2016/05/16 v1.2 Manage graphics extensions (HO)

(/usr/local/texlive/2016/texmf-dist/tex/generic/oberdiek/kvdefinekeys.sty
Package: kvdefinekeys 2016/05/16 v1.4 Define keys (HO)
))
(/usr/local/texlive/2016/texmf-dist/tex/latex/oberdiek/kvoptions.sty
Package: kvoptions 2016/05/16 v3.12 Key value format for package options (HO)

(/usr/local/texlive/2016/texmf-dist/tex/generic/oberdiek/kvsetkeys.sty
Package: kvsetkeys 2016/05/16 v1.17 Key value parser (HO)

(/usr/local/texlive/2016/texmf-dist/tex/generic/oberdiek/etexcmds.sty
Package: etexcmds 2016/05/16 v1.6 Avoid name clashes with e-TeX commands (HO)

(/usr/local/texlive/2016/texmf-dist/tex/generic/oberdiek/ifluatex.sty
Package: ifluatex 2016/05/16 v1.4 Provides the ifluatex switch (HO)
Package ifluatex Info: LuaTeX not detected.
)
Package etexcmds Info: Could not find \expanded.
(etexcmds)             That can mean that you are not using pdfTeX 1.50 or
(etexcmds)             that some package has redefined \expanded.
(etexcmds)             In the latter case, load this package earlier.
)))
(/usr/local/texlive/2016/texmf-dist/tex/generic/oberdiek/pdftexcmds.sty
Package: pdftexcmds 2016/05/10 v0.21 Utility functions of pdfTeX for LuaTeX (HO
)

(/usr/local/texlive/2016/texmf-dist/tex/generic/oberdiek/ifpdf.sty
Package: ifpdf 2016/05/14 v3.1 Provides the ifpdf switch
)
Package pdftexcmds Info: LuaTeX not detected.
Package pdftexcmds Info: \pdf@primitive is available.
Package pdftexcmds Info: \pdf@ifprimitive is available.
Package pdftexcmds Info: \pdfdraftmode found.
)
Package grfext Info: Graphics extension search list:
(grfext)             [.png,.pdf,.jpg,.mps,.jpeg,.jbig2,.jb2,.PNG,.PDF,.JPG,.JPE
G,.JBIG2,.JB2,.eps]
(grfext)             \AppendGraphicsExtensions on input line 456.

(/usr/local/texlive/2016/texmf-dist/tex/latex/latexconfig/epstopdf-sys.cfg
File: epstopdf-sys.cfg 2010/07/13 v1.3 Configuration of (r)epstopdf for TeX Liv
e
)))
(./macro.sty)
(/usr/local/texlive/2016/texmf-dist/tex/latex/algorithms/algorithm.sty
Package: algorithm 2009/08/24 v0.1 Document Style `algorithm' - floating enviro
nment

(/usr/local/texlive/2016/texmf-dist/tex/latex/float/float.sty
Package: float 2001/11/08 v1.3d Float enhancements (AL)
\c@float@type=\count93
\float@exts=\toks20
\float@box=\box26
\@float@everytoks=\toks21
\@floatcapt=\box27
)
(/usr/local/texlive/2016/texmf-dist/tex/latex/base/ifthen.sty
Package: ifthen 2014/09/29 v1.1c Standard LaTeX ifthen package (DPC)
)
\@float@every@algorithm=\toks22
\c@algorithm=\count94
)
(/usr/local/texlive/2016/texmf-dist/tex/latex/algorithms/algorithmic.sty
Package: algorithmic 2009/08/24 v0.1 Document Style `algorithmic'
\c@ALC@unique=\count95
\c@ALC@line=\count96
\c@ALC@rem=\count97
\c@ALC@depth=\count98
\ALC@tlm=\skip50
\algorithmicindent=\skip51
)
(/usr/local/texlive/2016/texmf-dist/tex/latex/geometry/geometry.sty
Package: geometry 2010/09/12 v5.6 Page Geometry

(/usr/local/texlive/2016/texmf-dist/tex/generic/oberdiek/ifvtex.sty
Package: ifvtex 2016/05/16 v1.6 Detect VTeX and its facilities (HO)
Package ifvtex Info: VTeX not detected.
)
(/usr/local/texlive/2016/texmf-dist/tex/generic/ifxetex/ifxetex.sty
Package: ifxetex 2010/09/12 v0.6 Provides ifxetex conditional
)
\Gm@cnth=\count99
\Gm@cntv=\count100
\c@Gm@tempcnt=\count101
\Gm@bindingoffset=\dimen108
\Gm@wd@mp=\dimen109
\Gm@odd@mp=\dimen110
\Gm@even@mp=\dimen111
\Gm@layoutwidth=\dimen112
\Gm@layoutheight=\dimen113
\Gm@layouthoffset=\dimen114
\Gm@layoutvoffset=\dimen115
\Gm@dimlist=\toks23
)
(./article.aux

LaTeX Warning: Label `fig:modele' multiply defined.


LaTeX Warning: Label `fig:modele' multiply defined.


LaTeX Warning: Label `tab:document' multiply defined.


LaTeX Warning: Label `fig:modele' multiply defined.


LaTeX Warning: Label `fig:modele' multiply defined.


LaTeX Warning: Label `fig:modele' multiply defined.


LaTeX Warning: Label `fig:modele' multiply defined.


LaTeX Warning: Label `fig:modele' multiply defined.


LaTeX Warning: Label `fig:modele' multiply defined.


LaTeX Warning: Label `fig:modele' multiply defined.


LaTeX Warning: Label `fig:modele' multiply defined.


LaTeX Warning: Label `fig:modele' multiply defined.


LaTeX Warning: Label `fig:modele' multiply defined.


LaTeX Warning: Label `fig:modele' multiply defined.


LaTeX Warning: Label `fig:mandetailwork' multiply defined.


LaTeX Warning: Label `sec:deroulement' multiply defined.


LaTeX Warning: Label `tab:document' multiply defined.


LaTeX Warning: Label `fig:modele' multiply defined.


LaTeX Warning: Label `fig:modele' multiply defined.

)
\openout1 = `article.aux'.

LaTeX Font Info:    Checking defaults for OML/cmm/m/it on input line 28.
LaTeX Font Info:    ... okay on input line 28.
LaTeX Font Info:    Checking defaults for T1/cmr/m/n on input line 28.
LaTeX Font Info:    ... okay on input line 28.
LaTeX Font Info:    Checking defaults for OT1/cmr/m/n on input line 28.
LaTeX Font Info:    ... okay on input line 28.
LaTeX Font Info:    Checking defaults for OMS/cmsy/m/n on input line 28.
LaTeX Font Info:    ... okay on input line 28.
LaTeX Font Info:    Checking defaults for OMX/cmex/m/n on input line 28.
LaTeX Font Info:    ... okay on input line 28.
LaTeX Font Info:    Checking defaults for U/cmr/m/n on input line 28.
LaTeX Font Info:    ... okay on input line 28.
LaTeX Info: Redefining \degres on input line 28.
LaTeX Info: Redefining \dots on input line 28.
LaTeX Info: Redefining \up on input line 28.
 (/usr/local/texlive/2016/texmf-dist/tex/context/base/mkii/supp-pdf.mkii
[Loading MPS to PDF converter (version 2006.09.02).]
\scratchcounter=\count102
\scratchdimen=\dimen116
\scratchbox=\box28
\nofMPsegments=\count103
\nofMParguments=\count104
\everyMPshowfont=\toks24
\MPscratchCnt=\count105
\MPscratchDim=\dimen117
\MPnumerator=\count106
\makeMPintoPDFobject=\count107
\everyMPtoPDFconversion=\toks25
)
*geometry* driver: auto-detecting
*geometry* detected driver: pdftex
*geometry* verbose mode - [ preamble ] result:
* driver: pdftex
* paper: a4paper
* layout: <same size as paper>
* layoutoffset:(h,v)=(0.0pt,0.0pt)
* modes: 
* h-part:(L,W,R)=(56.9055pt, 483.69687pt, 56.9055pt)
* v-part:(T,H,B)=(56.9055pt, 731.23584pt, 56.9055pt)
* \paperwidth=597.50787pt
* \paperheight=845.04684pt
* \textwidth=483.69687pt
* \textheight=731.23584pt
* \oddsidemargin=-15.36449pt
* \evensidemargin=-15.36449pt
* \topmargin=-52.36449pt
* \headheight=12.0pt
* \headsep=25.0pt
* \topskip=11.0pt
* \footskip=30.0pt
* \marginparwidth=50.0pt
* \marginparsep=10.0pt
* \columnsep=10.0pt
* \skip\footins=10.0pt plus 4.0pt minus 2.0pt
* \hoffset=0.0pt
* \voffset=0.0pt
* \mag=1000
* \@twocolumnfalse
* \@twosidefalse
* \@mparswitchfalse
* \@reversemarginfalse
* (1in=72.27pt=25.4mm, 1cm=28.453pt)

(./titre.tex
LaTeX Font Info:    Try loading font information for T1+cmss on input line 16.
 (/usr/local/texlive/2016/texmf-dist/tex/latex/base/t1cmss.fd
File: t1cmss.fd 2014/09/29 v2.5h Standard LaTeX font definitions
)
<images/ville.png, id=1, 2107.875pt x 1254.6875pt>
File: images/ville.png Graphic file (type png)
 <use images/ville.png>
Package pdftex.def Info: images/ville.png used on input line 23.
(pdftex.def)             Requested size: 364.76672pt x 233.30054pt.

[1

{/usr/local/texlive/2016/texmf-var/fonts/map/pdftex/updmap/pdftex.map} <./image
s/ville.png>]) (./article.toc
LaTeX Font Info:    External font `cmex10' loaded for size
(Font)              <10.95> on input line 7.
LaTeX Font Info:    External font `cmex10' loaded for size
(Font)              <8> on input line 7.
LaTeX Font Info:    External font `cmex10' loaded for size
(Font)              <6> on input line 7.
 [1])
\tf@toc=\write3
\openout3 = `article.toc'.

 (./introduction.tex [2])
(./specification.tex [3]) (./realisation.tex [4]
<images/data.png, id=26, 1893.0725pt x 1676.2625pt>
File: images/data.png Graphic file (type png)
 <use images/data.png>
Package pdftex.def Info: images/data.png used on input line 26.
(pdftex.def)             Requested size: 362.77264pt x 321.20442pt.

[5 <./images/data.png (PNG copy)>]
<images/builders.png, id=31, 1487.5575pt x 1067.99pt>
File: images/builders.png Graphic file (type png)

<use images/builders.png>
Package pdftex.def Info: images/builders.png used on input line 49.
(pdftex.def)             Requested size: 362.77264pt x 260.44577pt.


LaTeX Warning: `!h' float specifier changed to `!ht'.

<images/car.jpg, id=32, 299.1175pt x 227.85126pt>
File: images/car.jpg Graphic file (type jpg)
 <use images/car.jpg>
Package pdftex.def Info: images/car.jpg used on input line 88.
(pdftex.def)             Requested size: 199.17079pt x 142.26761pt.
 [6 <./images/builders.png (PNG copy)>]
<images/carTree.png, id=37, 724.7075pt x 449.68pt>
File: images/carTree.png Graphic file (type png)
 <use images/carTree.png>
Package pdftex.def Info: images/carTree.png used on input line 130.
(pdftex.def)             Requested size: 256.07315pt x 199.17036pt.

[7 <./images/car.jpg>] <images/popN.png, id=42, 821.0675pt x 628.3475pt>
File: images/popN.png Graphic file (type png)

<use images/popN.png>
Package pdftex.def Info: images/popN.png used on input line 152.
(pdftex.def)             Requested size: 362.77264pt x 277.6147pt.
 [8 <./images/carTree.png>]
Overfull \hbox (2.53693pt too wide) in paragraph at lines 196--196
[]\T1/cmr/m/n/10.95 Entertain| 
 []


Overfull \hbox (17.32082pt too wide) in paragraph at lines 184--199
 [][] 
 []

[9 <./images/popN.png>] <images/routine.jpg, id=51, 647.41875pt x 588.1975pt>
File: images/routine.jpg Graphic file (type jpg)

<use images/routine.jpg>
Package pdftex.def Info: images/routine.jpg used on input line 212.
(pdftex.def)             Requested size: 362.77264pt x 329.5858pt.

Overfull \hbox (9.60571pt too wide) in paragraph at lines 223--224
[]\T1/cmr/m/n/10.95 Une par-tie sta-tique qui or-ga-nise les grandes lignes des
 jour-nées du per-son-nage : mé-tro/boulot/dodo 
 []

<images/schemaRoutine.PNG, id=52, 787.743pt x 380.622pt>
File: images/schemaRoutine.PNG Graphic file (type png)

<use images/schemaRoutine.PNG>
Package pdftex.def Info: images/schemaRoutine.PNG used on input line 230.
(pdftex.def)             Requested size: 483.69687pt x 233.71814pt.
 [10 <./images/routine.jpg>]
<images/Astar.png, id=56, 531.9875pt x 307.1475pt>
File: images/Astar.png Graphic file (type png)
 <use images/Astar.png>
Package pdftex.def Info: images/Astar.png used on input line 265.
(pdftex.def)             Requested size: 241.84843pt x 139.63046pt.

[11 <./images/schemaRoutine.PNG>]
<images/graph.png, id=66, 1720.4275pt x 881.2925pt>
File: images/graph.png Graphic file (type png)
 <use images/graph.png>
Package pdftex.def Info: images/graph.png used on input line 297.
(pdftex.def)             Requested size: 386.95897pt x 198.21501pt.

[12 <./images/Astar.png>]
<images/dataCharacter.png, id=71, 400.49625pt x 197.73875pt>
File: images/dataCharacter.png Graphic file (type png)

<use images/dataCharacter.png>
Package pdftex.def Info: images/dataCharacter.png used on input line 317.
(pdftex.def)             Requested size: 241.84843pt x 119.41054pt.
 [13 <./images/graph.png> <./images/dataCharacter.png>] <images/Qequation.png, 
id=77, 602.25pt x 80.3pt>
File: images/Qequation.png Graphic file (type png)

<use images/Qequation.png>
Package pdftex.def Info: images/Qequation.png used on input line 353.
(pdftex.def)             Requested size: 483.69687pt x 64.49493pt.

<images/Qschema.PNG, id=78, 415.5525pt x 265.59225pt>
File: images/Qschema.PNG Graphic file (type png)
 <use images/Qschema.PNG>
Package pdftex.def Info: images/Qschema.PNG used on input line 366.
(pdftex.def)             Requested size: 290.22107pt x 185.49586pt.

<images/Qalgo.png, id=79, 580.1675pt x 218.8175pt>
File: images/Qalgo.png Graphic file (type png)
 <use images/Qalgo.png>
Package pdftex.def Info: images/Qalgo.png used on input line 373.
(pdftex.def)             Requested size: 362.77264pt x 136.82404pt.

[14 <./images/Qequation.png> <./images/Qschema.PNG>]
! Too many }'s.
l.391 https://www.youtube.com/watch?v=U7T4wBj0xHU}
                                                  
? 
<images/Qproto.png, id=85, 1206.5075pt x 632.3625pt>
File: images/Qproto.png Graphic file (type png)
 <use images/Qproto.png>
Package pdftex.def Info: images/Qproto.png used on input line 401.
(pdftex.def)             Requested size: 362.77264pt x 190.13477pt.

<images/Aproto.png, id=86, 1209.51875pt x 631.35875pt>
File: images/Aproto.png Graphic file (type png)
 <use images/Aproto.png>
Package pdftex.def Info: images/Aproto.png used on input line 408.
(pdftex.def)             Requested size: 362.77264pt x 189.36092pt.

[15 <./images/Qalgo.png> <./images/Qproto.png>] (./real_ihm.tex
<images/gui.png, id=92, 2095.83pt x 1124.2pt>
File: images/gui.png Graphic file (type png)
 <use images/gui.png>
Package pdftex.def Info: images/gui.png used on input line 13.
(pdftex.def)             Requested size: 483.69687pt x 259.45256pt.

<images/gui_ingame.png, id=93, 2232.34pt x 1626.075pt>
File: images/gui_ingame.png Graphic file (type png)

<use images/gui_ingame.png>
Package pdftex.def Info: images/gui_ingame.png used on input line 21.
(pdftex.def)             Requested size: 362.77264pt x 264.24646pt.
 [16 <./images/Aproto.png> <./images/gui.png>]
<images/charac_list_ind.png, id=99, 399.4925pt x 118.4425pt>
File: images/charac_list_ind.png Graphic file (type png)

<use images/charac_list_ind.png>
Package pdftex.def Info: images/charac_list_ind.png used on input line 42.
(pdftex.def)             Requested size: 362.77264pt x 107.56053pt.
 [17 <./images/gui_ingame.png>]
<images/charac_info.png, id=104, 399.4925pt x 625.33624pt>
File: images/charac_info.png Graphic file (type png)

<use images/charac_info.png>
Package pdftex.def Info: images/charac_info.png used on input line 61.
(pdftex.def)             Requested size: 169.29684pt x 265.00581pt.
) [18 <./images/charac_list_ind.png> <./images/charac_info.png>] <images/test.P
NG, id=111, 620.91975pt x 387.849pt>
File: images/test.PNG Graphic file (type png)

<use images/test.PNG>
Package pdftex.def Info: images/test.PNG used on input line 434.
(pdftex.def)             Requested size: 483.69687pt x 302.1363pt.
 [19 <./images/test.PNG>] (./real_leaderboard.tex
<images/realheader.png, id=116, 1154.3125pt x 154.5775pt>
File: images/realheader.png Graphic file (type png)

<use images/realheader.png>
Package pdftex.def Info: images/realheader.png used on input line 10.
(pdftex.def)             Requested size: 362.77264pt x 48.57895pt.

<images/score_class.png, id=117, 277.035pt x 391.4625pt>
File: images/score_class.png Graphic file (type png)

<use images/score_class.png>
Package pdftex.def Info: images/score_class.png used on input line 38.
(pdftex.def)             Requested size: 145.11053pt x 205.049pt.
 [20 <./images/realheader.png>])) (./manuel.tex
[21 <./images/score_class.png>]
<images/niveau_normal.png, id=126, 505.89pt x 280.04625pt>
File: images/niveau_normal.png Graphic file (type png)

<use images/niveau_normal.png>
Package pdftex.def Info: images/niveau_normal.png used on input line 22.
(pdftex.def)             Requested size: 241.84843pt x 133.88225pt.

<images/niveausel_normal.png, id=127, 505.89pt x 280.04625pt>
File: images/niveausel_normal.png Graphic file (type png)

<use images/niveausel_normal.png>
Package pdftex.def Info: images/niveausel_normal.png used on input line 29.
(pdftex.def)             Requested size: 241.84843pt x 133.88225pt.

<images/niveau_auto.png, id=128, 527.9725pt x 402.50375pt>
File: images/niveau_auto.png Graphic file (type png)

<use images/niveau_auto.png>
Package pdftex.def Info: images/niveau_auto.png used on input line 41.
(pdftex.def)             Requested size: 241.84843pt x 184.37396pt.
 [22 <./images/niveau_normal.png> <./images/niveausel_normal.png>] <images/main
menu.png, id=134, 915.42pt x 714.67pt>
File: images/mainmenu.png Graphic file (type png)

<use images/mainmenu.png>
Package pdftex.def Info: images/mainmenu.png used on input line 54.
(pdftex.def)             Requested size: 362.77264pt x 283.21301pt.

<images/ingame_1.png, id=135, 1116.17pt x 813.0375pt>
File: images/ingame_1.png Graphic file (type png)

<use images/ingame_1.png>
Package pdftex.def Info: images/ingame_1.png used on input line 61.
(pdftex.def)             Requested size: 362.77264pt x 264.24646pt.
 [23 <./images/niveau_auto.png> <./images/mainmenu.png>] <images/maninfrainfo.p
ng, id=141, 998.22937pt x 25.09375pt>
File: images/maninfrainfo.png Graphic file (type png)

<use images/maninfrainfo.png>
Package pdftex.def Info: images/maninfrainfo.png used on input line 71.
(pdftex.def)             Requested size: 362.77264pt x 9.1195pt.

<images/manclock.png, id=142, 1002.24437pt x 47.67813pt>
File: images/manclock.png Graphic file (type png)

<use images/manclock.png>
Package pdftex.def Info: images/manclock.png used on input line 81.
(pdftex.def)             Requested size: 362.77264pt x 17.25795pt.
 <images/manmap.png, id=143, 606.265pt x 605.76312pt>
File: images/manmap.png Graphic file (type png)

<use images/manmap.png>
Package pdftex.def Info: images/manmap.png used on input line 96.
(pdftex.def)             Requested size: 241.84843pt x 241.64468pt.
 [24 <./images/ingame_1.png> <./images/maninfrainfo.png> <./images/manclock.png
>]
<images/manlist.png, id=151, 395.97937pt x 601.24625pt>
File: images/manlist.png Graphic file (type png)

<use images/manlist.png>
Package pdftex.def Info: images/manlist.png used on input line 106.
(pdftex.def)             Requested size: 241.84843pt x 367.21838pt.
 [25 <./images/manmap.png>]
<images/ingame_2.png, id=156, 1116.17pt x 813.0375pt>
File: images/ingame_2.png Graphic file (type png)

<use images/ingame_2.png>
Package pdftex.def Info: images/ingame_2.png used on input line 119.
(pdftex.def)             Requested size: 362.77264pt x 264.24646pt.
 [26 <./images/manlist.png>]
<images/mancharacgest.png, id=161, 394.97563pt x 603.25375pt>
File: images/mancharacgest.png Graphic file (type png)

<use images/mancharacgest.png>
Package pdftex.def Info: images/mancharacgest.png used on input line 126.
(pdftex.def)             Requested size: 120.92421pt x 184.68709pt.
 [27 <./images/ingame_2.png> <./images/mancharacgest.png>] <images/manredcircle
.png, id=167, 135.50626pt x 122.4575pt>
File: images/manredcircle.png Graphic file (type png)

<use images/manredcircle.png>
Package pdftex.def Info: images/manredcircle.png used on input line 151.
(pdftex.def)             Requested size: 135.5059pt x 122.45718pt.

! Undefined control sequence.
l.170 \subsubsubsection
                       {Ajout d'action dans la routine}
? 
<images/manaddaction.png, id=168, 764.8575pt x 179.67125pt>
File: images/manaddaction.png Graphic file (type png)

<use images/manaddaction.png>
Package pdftex.def Info: images/manaddaction.png used on input line 174.
(pdftex.def)             Requested size: 362.77264pt x 85.2186pt.

<images/manactionchoice.png, id=169, 764.8575pt x 179.67125pt>
File: images/manactionchoice.png Graphic file (type png)

<use images/manactionchoice.png>
Package pdftex.def Info: images/manactionchoice.png used on input line 181.
(pdftex.def)             Requested size: 362.77264pt x 85.2186pt.
 [28 <./images/manredcircle.png> <./images/manaddaction.png>] <images/mandetail
home.png, id=175, 764.8575pt x 179.67125pt>
File: images/mandetailhome.png Graphic file (type png)

<use images/mandetailhome.png>
Package pdftex.def Info: images/mandetailhome.png used on input line 194.
(pdftex.def)             Requested size: 362.77264pt x 85.2186pt.

<images/mandetailwork.png, id=176, 764.8575pt x 190.7125pt>
File: images/mandetailwork.png Graphic file (type png)

<use images/mandetailwork.png>
Package pdftex.def Info: images/mandetailwork.png used on input line 202.
(pdftex.def)             Requested size: 362.77264pt x 90.4555pt.

<images/mandetailenter.png, id=177, 764.8575pt x 259.97125pt>
File: images/mandetailenter.png Graphic file (type png)

<use images/mandetailenter.png>
Package pdftex.def Info: images/mandetailenter.png used on input line 210.
(pdftex.def)             Requested size: 362.77264pt x 123.30515pt.


LaTeX Warning: Reference `fig:mandetailenter' on page 29 undefined on input lin
e 214.

<images/manpositionchoice.png, id=178, 764.8575pt x 179.67125pt>
File: images/manpositionchoice.png Graphic file (type png)

<use images/manpositionchoice.png>
Package pdftex.def Info: images/manpositionchoice.png used on input line 218.
(pdftex.def)             Requested size: 362.77264pt x 85.2186pt.
 [29 <./images/manactionchoice.png> <./images/mandetailhome.png> <./images/mand
etailwork.png> <./images/mandetailenter.png>]
! Undefined control sequence.
l.226 \subsubsubsection
                       {Suppression d'action dans la routine}
? 
<images/mandelete.png, id=186, 764.8575pt x 179.67125pt>
File: images/mandelete.png Graphic file (type png)

<use images/mandelete.png>
Package pdftex.def Info: images/mandelete.png used on input line 230.
(pdftex.def)             Requested size: 362.77264pt x 85.2186pt.

<images/manqrcode.png, id=187, 485.815pt x 686.565pt>
File: images/manqrcode.png Graphic file (type png)

<use images/manqrcode.png>
Package pdftex.def Info: images/manqrcode.png used on input line 242.
(pdftex.def)             Requested size: 120.92421pt x 170.88654pt.
 [30 <./images/manpositionchoice.png> <./images/mandelete.png>] <images/manregs
core.png, id=194, 1156.32pt x 2055.68pt>
File: images/manregscore.png Graphic file (type png)

<use images/manregscore.png>
Package pdftex.def Info: images/manregscore.png used on input line 249.
(pdftex.def)             Requested size: 120.92421pt x 214.9588pt.

<images/manleader.png, id=195, 1156.32pt x 2055.68pt>
File: images/manleader.png Graphic file (type png)

<use images/manleader.png>
Package pdftex.def Info: images/manleader.png used on input line 256.
(pdftex.def)             Requested size: 120.92421pt x 214.9588pt.
 [31 <./images/manqrcode.png> <./images/manregscore.png (PNG copy)>]) (./deroul
ement.tex [32 <./images/manleader.png (PNG copy)>]
<images/git.PNG, id=203, 583.58025pt x 222.23026pt>
File: images/git.PNG Graphic file (type png)
 <use images/git.PNG>
Package pdftex.def Info: images/git.PNG used on input line 47.
(pdftex.def)             Requested size: 483.69687pt x 184.19673pt.

<images/temps.png, id=204, 1710.39pt x 458.71375pt>
File: images/temps.png Graphic file (type png)
 <use images/temps.png>
Package pdftex.def Info: images/temps.png used on input line 61.
(pdftex.def)             Requested size: 483.69687pt x 129.71986pt.

[33 <./images/git.PNG>]) (./conclusion.tex [34 <./images/temps.png>]) [35]
(./article.lof)
\tf@lof=\write4
\openout4 = `article.lof'.

 (./article.lot)
\tf@lot=\write5
\openout5 = `article.lot'.

 (./article.bbl [36]) [37] (./article.aux)

LaTeX Warning: There were undefined references.


LaTeX Warning: There were multiply-defined labels.

 ) 
Here is how much of TeX's memory you used:
 3974 strings out of 493014
 58149 string characters out of 6133351
 131342 words of memory out of 5000000
 7370 multiletter control sequences out of 15000+600000
 14694 words of font info for 34 fonts, out of 8000000 for 9000
 1141 hyphenation exceptions out of 8191
 42i,9n,30p,745b,439s stack positions out of 5000i,500n,10000p,200000b,80000s
{/usr/local/texlive/2016/texmf-dist/fonts/enc/dvips/cm-super/cm-super-t1.enc}
</usr/local/texlive/2016/texmf-dist/fonts/type1/public/amsfonts/cm/cmmi10.pfb><
/usr/local/texlive/2016/texmf-dist/fonts/type1/public/amsfonts/cm/cmmi8.pfb></u
sr/local/texlive/2016/texmf-dist/fonts/type1/public/amsfonts/cm/cmr10.pfb></usr
/local/texlive/2016/texmf-dist/fonts/type1/public/amsfonts/cm/cmr8.pfb></usr/lo
cal/texlive/2016/texmf-dist/fonts/type1/public/amsfonts/cm/cmsy10.pfb></usr/loc
al/texlive/2016/texmf-dist/fonts/type1/public/cm-super/sfbx1095.pfb></usr/local
/texlive/2016/texmf-dist/fonts/type1/public/cm-super/sfbx1200.pfb></usr/local/t
exlive/2016/texmf-dist/fonts/type1/public/cm-super/sfbx1440.pfb></usr/local/tex
live/2016/texmf-dist/fonts/type1/public/cm-super/sfcc1095.pfb></usr/local/texli
ve/2016/texmf-dist/fonts/type1/public/cm-super/sfrm1095.pfb></usr/local/texlive
/2016/texmf-dist/fonts/type1/public/cm-super/sfrm2074.pfb></usr/local/texlive/2
016/texmf-dist/fonts/type1/public/cm-super/sfss2488.pfb></usr/local/texlive/201
6/texmf-dist/fonts/type1/public/cm-super/sfti1095.pfb>
Output written on article.pdf (38 pages, 5827830 bytes).
PDF statistics:
 271 PDF objects out of 1000 (max. 8388607)
 128 compressed objects within 2 object streams
 0 named destinations out of 1000 (max. 500000)
 236 words of extra memory for PDF output out of 10000 (max. 10000000)

