Home created
Home created
Home created
Home created
Home created
Home created
Home created
Home created
Home created
Home created
Home created
Home created
Home created
Home created
Home created
Home created
Home created
Home created
Home created
Home created
Home created
Home created
Home created
Home created
Home created
Home created
Home created
Home created
Home created
Home created
Home created
Home created
Home created
Home created
Home created
Home created
Home created
Home created
Home created
Home created
Home created
Home created
Home created
Home created
Home created
Home created
Home created
Home created
Home created
Home created
Home created
Home created
Home created
Home created
Home created
Home created
Home created
Home created
Home created
Home created
Work creation for: Tele Systeme
Work creation for: Infocom
Work creation for: Matt&Quent's Corp
Work creation for: Cerisier Joaillerie
Work creation for: Auchan
Work creation for: Miemou Boulangerie
Work creation for: Carwash Laverie
Work creation for: Chez Dédé Atelier
Work creation for: H&M
Work creation for: Celio
Work creation for: Darty
Work creation for: La Fnac
Work creation for: Leclerc
Work creation for: La Poste
Work creation for: Credit Mutuel
Work creation for: Direct Assurance
Work creation for: Google
Work creation for: Alain Afflelou
Work creation for: SFR
Work creation for: Jennyfer
Work creation for: La Grande Récré
Work creation for: Micromania
Work creation for: Pharmatie La Vie
Entertainment creation for: Cinema
Entertainment creation for: Musée
Entertainment creation for: Point soleil
Entertainment creation for: Laser game
Entertainment creation for: Park public
Entertainment creation for: Pub Irlandais
Entertainment creation for: Club de sport
Entertainment creation for: Bowling
Entertainment creation for: Creperie
Entertainment creation for: Pizzeria
Entertainment creation for: Bistro
Map created
Character: Elea SALMON created
Character: Olivia COLLET created
Character: Maxence ANTOINE created
Character: Leane DESCHAMPS created
Character: Cassandra BOUCHET created
Population created
City created
Home created
Home created
Home created
Home created
Home created
Home created
Home created
Home created
Home created
Home created
Home created
Home created
Home created
Home created
Home created
Home created
Home created
Home created
Home created
Home created
Home created
Home created
Home created
Home created
Home created
Home created
Home created
Home created
Home created
Home created
Home created
Home created
Home created
Home created
Home created
Home created
Home created
Home created
Home created
Home created
Home created
Home created
Home created
Home created
Home created
Home created
Home created
Home created
Home created
Home created
Home created
Home created
Home created
Home created
Home created
Home created
Home created
Home created
Home created
Home created
Work creation for: Tele Systeme
Work creation for: Infocom
Work creation for: Matt&Quent's Corp
Work creation for: Cerisier Joaillerie
Work creation for: Auchan
Work creation for: Miemou Boulangerie
Work creation for: Carwash Laverie
Work creation for: Chez Dédé Atelier
Work creation for: H&M
Work creation for: Celio
Work creation for: Darty
Work creation for: La Fnac
Work creation for: Leclerc
Work creation for: La Poste
Work creation for: Credit Mutuel
Work creation for: Direct Assurance
Work creation for: Google
Work creation for: Alain Afflelou
Work creation for: SFR
Work creation for: Jennyfer
Work creation for: La Grande Récré
Work creation for: Micromania
Work creation for: Pharmatie La Vie
Entertainment creation for: Cinema
Entertainment creation for: Musée
Entertainment creation for: Point soleil
Entertainment creation for: Laser game
Entertainment creation for: Park public
Entertainment creation for: Pub Irlandais
Entertainment creation for: Club de sport
Entertainment creation for: Bowling
Entertainment creation for: Creperie
Entertainment creation for: Pizzeria
Entertainment creation for: Bistro
Map created
Character: Esteban RAYMOND created
Character: Marine PIERRE created
Character: Melissa PARIS created
Character: Lou HUGO created
Character: Mila BESSON created
Population created
City created
Home created
Home created
Home created
Home created
Home created
Home created
Home created
Home created
Home created
Home created
Home created
Home created
Home created
Home created
Home created
Home created
Home created
Home created
Home created
Home created
Home created
Home created
Home created
Home created
Home created
Home created
Home created
Home created
Home created
Home created
Home created
Home created
Home created
Home created
Home created
Home created
Home created
Home created
Home created
Home created
Home created
Home created
Home created
Home created
Home created
Home created
Home created
Home created
Home created
Home created
Home created
Home created
Home created
Home created
Home created
Home created
Home created
Home created
Home created
Home created
Work creation for: Tele Systeme
Work creation for: Infocom
Work creation for: Matt&Quent's Corp
Work creation for: Cerisier Joaillerie
Work creation for: Auchan
Work creation for: Miemou Boulangerie
Work creation for: Carwash Laverie
Work creation for: Chez Dédé Atelier
Work creation for: H&M
Work creation for: Celio
Work creation for: Darty
Work creation for: La Fnac
Work creation for: Leclerc
Work creation for: La Poste
Work creation for: Credit Mutuel
Work creation for: Direct Assurance
Work creation for: Google
Work creation for: Alain Afflelou
Work creation for: SFR
Work creation for: Jennyfer
Work creation for: La Grande Récré
Work creation for: Micromania
Work creation for: Pharmatie La Vie
Entertainment creation for: Cinema
Entertainment creation for: Musée
Entertainment creation for: Point soleil
Entertainment creation for: Laser game
Entertainment creation for: Park public
Entertainment creation for: Pub Irlandais
Entertainment creation for: Club de sport
Entertainment creation for: Bowling
Entertainment creation for: Creperie
Entertainment creation for: Pizzeria
Entertainment creation for: Bistro
Map created
Character: Emilie MAIRE created
Character: Killian POULAIN created
Character: Sara BOUSQUET created
Character: Matheo LEROY created
Character: Leo ETIENNE created
Population created
City created
Home created
Home created
Home created
Home created
Home created
Home created
Home created
Home created
Home created
Home created
Home created
Home created
Home created
Home created
Home created
Home created
Home created
Home created
Home created
Home created
Home created
Home created
Home created
Home created
Home created
Home created
Home created
Home created
Home created
Home created
Home created
Home created
Home created
Home created
Home created
Home created
Home created
Home created
Home created
Home created
Home created
Home created
Home created
Home created
Home created
Home created
Home created
Home created
Home created
Home created
Home created
Home created
Home created
Home created
Home created
Home created
Home created
Home created
Home created
Home created
Work creation for: Tele Systeme
Work creation for: Infocom
Work creation for: Matt&Quent's Corp
Work creation for: Cerisier Joaillerie
Work creation for: Auchan
Work creation for: Miemou Boulangerie
Work creation for: Carwash Laverie
Work creation for: Chez Dédé Atelier
Work creation for: H&M
Work creation for: Celio
Work creation for: Darty
Work creation for: La Fnac
Work creation for: Leclerc
Work creation for: La Poste
Work creation for: Credit Mutuel
Work creation for: Direct Assurance
Work creation for: Google
Work creation for: Alain Afflelou
Work creation for: SFR
Work creation for: Jennyfer
Work creation for: La Grande Récré
Work creation for: Micromania
Work creation for: Pharmatie La Vie
Entertainment creation for: Cinema
Entertainment creation for: Musée
Entertainment creation for: Point soleil
Entertainment creation for: Laser game
Entertainment creation for: Park public
Entertainment creation for: Pub Irlandais
Entertainment creation for: Club de sport
Entertainment creation for: Bowling
Entertainment creation for: Creperie
Entertainment creation for: Pizzeria
Entertainment creation for: Bistro
Map created
Character: Leo MENARD created
Character: Romain NOEL created
Character: Axel CH created
Character: Mathilde BLANC created
Character: Loane BUISSON created
Population created
City created
Home created
Home created
Home created
Home created
Home created
Home created
Home created
Home created
Home created
Home created
Home created
Home created
Home created
Home created
Home created
Home created
Home created
Home created
Home created
Home created
Home created
Home created
Home created
Home created
Home created
Home created
Home created
Home created
Home created
Home created
Home created
Home created
Home created
Home created
Home created
Home created
Home created
Home created
Home created
Home created
Home created
Home created
Home created
Home created
Home created
Home created
Home created
Home created
Home created
Home created
Home created
Home created
Home created
Home created
Home created
Home created
Home created
Home created
Home created
Home created
Work creation for: Tele Systeme
Work creation for: Infocom
Work creation for: Matt&Quent's Corp
Work creation for: Cerisier Joaillerie
Work creation for: Auchan
Work creation for: Miemou Boulangerie
Work creation for: Carwash Laverie
Work creation for: Chez Dédé Atelier
Work creation for: H&M
Work creation for: Celio
Work creation for: Darty
Work creation for: La Fnac
Work creation for: Leclerc
Work creation for: La Poste
Work creation for: Credit Mutuel
Work creation for: Direct Assurance
Work creation for: Google
Work creation for: Alain Afflelou
Work creation for: SFR
Work creation for: Jennyfer
Work creation for: La Grande Récré
Work creation for: Micromania
Work creation for: Pharmatie La Vie
Entertainment creation for: Cinema
Entertainment creation for: Musée
Entertainment creation for: Point soleil
Entertainment creation for: Laser game
Entertainment creation for: Park public
Entertainment creation for: Pub Irlandais
Entertainment creation for: Club de sport
Entertainment creation for: Bowling
Entertainment creation for: Creperie
Entertainment creation for: Pizzeria
Entertainment creation for: Bistro
Map created
Character: Oscar ROGER created
Character: Lena MALLET created
Character: Gabrielle MEYER created
Population created
City created
Home created
Home created
Home created
Home created
Home created
Home created
Home created
Home created
Home created
Home created
Home created
Home created
Home created
Home created
Home created
Home created
Home created
Home created
Home created
Home created
Home created
Home created
Home created
Home created
Home created
Home created
Home created
Home created
Home created
Home created
Home created
Home created
Home created
Home created
Home created
Home created
Home created
Home created
Home created
Home created
Home created
Home created
Home created
Home created
Home created
Home created
Home created
Home created
Home created
Home created
Home created
Home created
Home created
Home created
Home created
Home created
Home created
Home created
Home created
Home created
Work creation for: Tele Systeme
Work creation for: Infocom
Work creation for: Matt&Quent's Corp
Work creation for: Cerisier Joaillerie
Work creation for: Auchan
Work creation for: Miemou Boulangerie
Work creation for: Carwash Laverie
Work creation for: Chez Dédé Atelier
Work creation for: H&M
Work creation for: Celio
Work creation for: Darty
Work creation for: La Fnac
Work creation for: Leclerc
Work creation for: La Poste
Work creation for: Credit Mutuel
Work creation for: Direct Assurance
Work creation for: Google
Work creation for: Alain Afflelou
Work creation for: SFR
Work creation for: Jennyfer
Work creation for: La Grande Récré
Work creation for: Micromania
Work creation for: Pharmatie La Vie
Entertainment creation for: Cinema
Entertainment creation for: Musée
Entertainment creation for: Point soleil
Entertainment creation for: Laser game
Entertainment creation for: Park public
Entertainment creation for: Pub Irlandais
Entertainment creation for: Club de sport
Entertainment creation for: Bowling
Entertainment creation for: Creperie
Entertainment creation for: Pizzeria
Entertainment creation for: Bistro
Map created
Character: Alicia LAURENS created
Character: Oceane PERRIER created
Character: Camille FLEURY created
Character: Maelle REYNAUD created
Character: Fanny BAILLY created
Population created
City created
Home created
Home created
Home created
Home created
Home created
Home created
Home created
Home created
Home created
Home created
Home created
Home created
Home created
Home created
Home created
Home created
Home created
Home created
Home created
Home created
Home created
Home created
Home created
Home created
Home created
Home created
Home created
Home created
Home created
Home created
Home created
Home created
Home created
Home created
Home created
Home created
Home created
Home created
Home created
Home created
Home created
Home created
Home created
Home created
Home created
Home created
Home created
Home created
Home created
Home created
Home created
Home created
Home created
Home created
Home created
Home created
Home created
Home created
Home created
Home created
Work creation for: Tele Systeme
Work creation for: Infocom
Work creation for: Matt&Quent's Corp
Work creation for: Cerisier Joaillerie
Work creation for: Auchan
Work creation for: Miemou Boulangerie
Work creation for: Carwash Laverie
Work creation for: Chez Dédé Atelier
Work creation for: H&M
Work creation for: Celio
Work creation for: Darty
Work creation for: La Fnac
Work creation for: Leclerc
Work creation for: La Poste
Work creation for: Credit Mutuel
Work creation for: Direct Assurance
Work creation for: Google
Work creation for: Alain Afflelou
Work creation for: SFR
Work creation for: Jennyfer
Work creation for: La Grande Récré
Work creation for: Micromania
Work creation for: Pharmatie La Vie
Entertainment creation for: Cinema
Entertainment creation for: Musée
Entertainment creation for: Point soleil
Entertainment creation for: Laser game
Entertainment creation for: Park public
Entertainment creation for: Pub Irlandais
Entertainment creation for: Club de sport
Entertainment creation for: Bowling
Entertainment creation for: Creperie
Entertainment creation for: Pizzeria
Entertainment creation for: Bistro
Map created
Character: Paul ALLAIN created
Character: Amine BARBE created
Character: Marie VINCENT created
Population created
City created
Home created
Home created
Home created
Home created
Home created
Home created
Home created
Home created
Home created
Home created
Home created
Home created
Home created
Home created
Home created
Home created
Home created
Home created
Home created
Home created
Home created
Home created
Home created
Home created
Home created
Home created
Home created
Home created
Home created
Home created
Home created
Home created
Home created
Home created
Home created
Home created
Home created
Home created
Home created
Home created
Home created
Home created
Home created
Home created
Home created
Home created
Home created
Home created
Home created
Home created
Home created
Home created
Home created
Home created
Home created
Home created
Home created
Home created
Home created
Home created
Work creation for: Tele Systeme
Work creation for: Infocom
Work creation for: Matt&Quent's Corp
Work creation for: Cerisier Joaillerie
Work creation for: Auchan
Work creation for: Miemou Boulangerie
Work creation for: Carwash Laverie
Work creation for: Chez Dédé Atelier
Work creation for: H&M
Work creation for: Celio
Work creation for: Darty
Work creation for: La Fnac
Work creation for: Leclerc
Work creation for: La Poste
Work creation for: Credit Mutuel
Work creation for: Direct Assurance
Work creation for: Google
Work creation for: Alain Afflelou
Work creation for: SFR
Work creation for: Jennyfer
Work creation for: La Grande Récré
Work creation for: Micromania
Work creation for: Pharmatie La Vie
Entertainment creation for: Cinema
Entertainment creation for: Musée
Entertainment creation for: Point soleil
Entertainment creation for: Laser game
Entertainment creation for: Park public
Entertainment creation for: Pub Irlandais
Entertainment creation for: Club de sport
Entertainment creation for: Bowling
Entertainment creation for: Creperie
Entertainment creation for: Pizzeria
Entertainment creation for: Bistro
Map created
Character: Kylian CORDIER created
Character: Lisa ROYER created
Character: Maeva DESCHAMPS created
Population created
City created
Home created
Home created
Home created
Home created
Home created
Home created
Home created
Home created
Home created
Home created
Home created
Home created
Home created
Home created
Home created
Home created
Home created
Home created
Home created
Home created
Home created
Home created
Home created
Home created
Home created
Home created
Home created
Home created
Home created
Home created
Home created
Home created
Home created
Home created
Home created
Home created
Home created
Home created
Home created
Home created
Home created
Home created
Home created
Home created
Home created
Home created
Home created
Home created
Home created
Home created
Home created
Home created
Home created
Home created
Home created
Home created
Home created
Home created
Home created
Home created
Work creation for: Tele Systeme
Work creation for: Infocom
Work creation for: Matt&Quent's Corp
Work creation for: Cerisier Joaillerie
Work creation for: Auchan
Work creation for: Miemou Boulangerie
Work creation for: Carwash Laverie
Work creation for: Chez Dédé Atelier
Work creation for: H&M
Work creation for: Celio
Work creation for: Darty
Work creation for: La Fnac
Work creation for: Leclerc
Work creation for: La Poste
Work creation for: Credit Mutuel
Work creation for: Direct Assurance
Work creation for: Google
Work creation for: Alain Afflelou
Work creation for: SFR
Work creation for: Jennyfer
Work creation for: La Grande Récré
Work creation for: Micromania
Work creation for: Pharmatie La Vie
Entertainment creation for: Cinema
Entertainment creation for: Musée
Entertainment creation for: Point soleil
Entertainment creation for: Laser game
Entertainment creation for: Park public
Entertainment creation for: Pub Irlandais
Entertainment creation for: Club de sport
Entertainment creation for: Bowling
Entertainment creation for: Creperie
Entertainment creation for: Pizzeria
Entertainment creation for: Bistro
Map created
Character: Candice ROUX created
Character: Baptiste HUMBERT created
Character: Maelle CHARLES created
Population created
City created
Home created
Home created
Home created
Home created
Home created
Home created
Home created
Home created
Home created
Home created
Home created
Home created
Home created
Home created
Home created
Home created
Home created
Home created
Home created
Home created
Home created
Home created
Home created
Home created
Home created
Home created
Home created
Home created
Home created
Home created
Home created
Home created
Home created
Home created
Home created
Home created
Home created
Home created
Home created
Home created
Home created
Home created
Home created
Home created
Home created
Home created
Home created
Home created
Home created
Home created
Home created
Home created
Home created
Home created
Home created
Home created
Home created
Home created
Home created
Home created
Work creation for: Tele Systeme
Work creation for: Infocom
Work creation for: Matt&Quent's Corp
Work creation for: Cerisier Joaillerie
Work creation for: Auchan
Work creation for: Miemou Boulangerie
Work creation for: Carwash Laverie
Work creation for: Chez Dédé Atelier
Work creation for: H&M
Work creation for: Celio
Work creation for: Darty
Work creation for: La Fnac
Work creation for: Leclerc
Work creation for: La Poste
Work creation for: Credit Mutuel
Work creation for: Direct Assurance
Work creation for: Google
Work creation for: Alain Afflelou
Work creation for: SFR
Work creation for: Jennyfer
Work creation for: La Grande Récré
Work creation for: Micromania
Work creation for: Pharmatie La Vie
Entertainment creation for: Cinema
Entertainment creation for: Musée
Entertainment creation for: Point soleil
Entertainment creation for: Laser game
Entertainment creation for: Park public
Entertainment creation for: Pub Irlandais
Entertainment creation for: Club de sport
Entertainment creation for: Bowling
Entertainment creation for: Creperie
Entertainment creation for: Pizzeria
Entertainment creation for: Bistro
Map created
Character: Justine COMTE created
Character: Kylian GARNIER created
Character: Leonie SALMON created
Population created
City created
Home created
Home created
Home created
Home created
Home created
Home created
Home created
Home created
Home created
Home created
Home created
Home created
Home created
Home created
Home created
Home created
Home created
Home created
Home created
Home created
Home created
Home created
Home created
Home created
Home created
Home created
Home created
Home created
Home created
Home created
Home created
Home created
Home created
Home created
Home created
Home created
Home created
Home created
Home created
Home created
Home created
Home created
Home created
Home created
Home created
Home created
Home created
Home created
Home created
Home created
Home created
Home created
Home created
Home created
Home created
Home created
Home created
Home created
Home created
Home created
Work creation for: Tele Systeme
Work creation for: Infocom
Work creation for: Matt&Quent's Corp
Work creation for: Cerisier Joaillerie
Work creation for: Auchan
Work creation for: Miemou Boulangerie
Work creation for: Carwash Laverie
Work creation for: Chez Dédé Atelier
Work creation for: H&M
Work creation for: Celio
Work creation for: Darty
Work creation for: La Fnac
Work creation for: Leclerc
Work creation for: La Poste
Work creation for: Credit Mutuel
Work creation for: Direct Assurance
Work creation for: Google
Work creation for: Alain Afflelou
Work creation for: SFR
Work creation for: Jennyfer
Work creation for: La Grande Récré
Work creation for: Micromania
Work creation for: Pharmatie La Vie
Entertainment creation for: Cinema
Entertainment creation for: Musée
Entertainment creation for: Point soleil
Entertainment creation for: Laser game
Entertainment creation for: Park public
Entertainment creation for: Pub Irlandais
Entertainment creation for: Club de sport
Entertainment creation for: Bowling
Entertainment creation for: Creperie
Entertainment creation for: Pizzeria
Entertainment creation for: Bistro
Map created
Character: Lise JULIEN created
Character: Enzo MAILLARD created
Character: Nicolas GAILLARD created
Population created
City created
Home created
Home created
Home created
Home created
Home created
Home created
Home created
Home created
Home created
Home created
Home created
Home created
Home created
Home created
Home created
Home created
Home created
Home created
Home created
Home created
Home created
Home created
Home created
Home created
Home created
Home created
Home created
Home created
Home created
Home created
Home created
Home created
Home created
Home created
Home created
Home created
Home created
Home created
Home created
Home created
Home created
Home created
Home created
Home created
Home created
Home created
Home created
Home created
Home created
Home created
Home created
Home created
Home created
Home created
Home created
Home created
Home created
Home created
Home created
Home created
Work creation for: Tele Systeme
Work creation for: Infocom
Work creation for: Matt&Quent's Corp
Work creation for: Cerisier Joaillerie
Work creation for: Auchan
Work creation for: Miemou Boulangerie
Work creation for: Carwash Laverie
Work creation for: Chez Dédé Atelier
Work creation for: H&M
Work creation for: Celio
Work creation for: Darty
Work creation for: La Fnac
Work creation for: Leclerc
Work creation for: La Poste
Work creation for: Credit Mutuel
Work creation for: Direct Assurance
Work creation for: Google
Work creation for: Alain Afflelou
Work creation for: SFR
Work creation for: Jennyfer
Work creation for: La Grande Récré
Work creation for: Micromania
Work creation for: Pharmatie La Vie
Entertainment creation for: Cinema
Entertainment creation for: Musée
Entertainment creation for: Point soleil
Entertainment creation for: Laser game
Entertainment creation for: Park public
Entertainment creation for: Pub Irlandais
Entertainment creation for: Club de sport
Entertainment creation for: Bowling
Entertainment creation for: Creperie
Entertainment creation for: Pizzeria
Entertainment creation for: Bistro
Map created
Character: Hugo GUYON created
Character: Alexis PHILIPPE created
Character: Erwan BOURBON created
Population created
City created
Home created
Home created
Home created
Home created
Home created
Home created
Home created
Home created
Home created
Home created
Home created
Home created
Home created
Home created
Home created
Home created
Home created
Home created
Home created
Home created
Home created
Home created
Home created
Home created
Home created
Home created
Home created
Home created
Home created
Home created
Home created
Home created
Home created
Home created
Home created
Home created
Home created
Home created
Home created
Home created
Home created
Home created
Home created
Home created
Home created
Home created
Home created
Home created
Home created
Home created
Home created
Home created
Home created
Home created
Home created
Home created
Home created
Home created
Home created
Home created
Work creation for: Tele Systeme
Work creation for: Infocom
Work creation for: Matt&Quent's Corp
Work creation for: Cerisier Joaillerie
Work creation for: Auchan
Work creation for: Miemou Boulangerie
Work creation for: Carwash Laverie
Work creation for: Chez Dédé Atelier
Work creation for: H&M
Work creation for: Celio
Work creation for: Darty
Work creation for: La Fnac
Work creation for: Leclerc
Work creation for: La Poste
Work creation for: Credit Mutuel
Work creation for: Direct Assurance
Work creation for: Google
Work creation for: Alain Afflelou
Work creation for: SFR
Work creation for: Jennyfer
Work creation for: La Grande Récré
Work creation for: Micromania
Work creation for: Pharmatie La Vie
Entertainment creation for: Cinema
Entertainment creation for: Musée
Entertainment creation for: Point soleil
Entertainment creation for: Laser game
Entertainment creation for: Park public
Entertainment creation for: Pub Irlandais
Entertainment creation for: Club de sport
Entertainment creation for: Bowling
Entertainment creation for: Creperie
Entertainment creation for: Pizzeria
Entertainment creation for: Bistro
Map created
Character: Fanny MARCHAL created
Character: Marion TEXIER created
Character: Mathys CHEVALLIER created
Character: Kenza PAUL created
Character: Morgane NOEL created
Character: Carla GERMAIN created
Character: Nathan BERNIER created
Character: Thibault BOUCHET created
Character: Victor BENOIST created
Character: Andrea MALLET created
Character: Marie HEBERT created
Character: Anthony REMY created
Character: Matthieu LAMY created
Character: Maeva GUERIN created
Character: Enzo RICARD created
Population created
City created
Home created
Home created
Home created
Home created
Home created
Home created
Home created
Home created
Home created
Home created
Home created
Home created
Home created
Home created
Home created
Home created
Home created
Home created
Home created
Home created
Home created
Home created
Home created
Home created
Home created
Home created
Home created
Home created
Home created
Home created
Home created
Home created
Home created
Home created
Home created
Home created
Home created
Home created
Home created
Home created
Home created
Home created
Home created
Home created
Home created
Home created
Home created
Home created
Home created
Home created
Home created
Home created
Home created
Home created
Home created
Home created
Home created
Home created
Home created
Home created
Work creation for: Tele Systeme
Work creation for: Infocom
Work creation for: Matt&Quent's Corp
Work creation for: Cerisier Joaillerie
Work creation for: Auchan
Work creation for: Miemou Boulangerie
Work creation for: Carwash Laverie
Work creation for: Chez Dédé Atelier
Work creation for: H&M
Work creation for: Celio
Work creation for: Darty
Work creation for: La Fnac
Work creation for: Leclerc
Work creation for: La Poste
Work creation for: Credit Mutuel
Work creation for: Direct Assurance
Work creation for: Google
Work creation for: Alain Afflelou
Work creation for: SFR
Work creation for: Jennyfer
Work creation for: La Grande Récré
Work creation for: Micromania
Work creation for: Pharmatie La Vie
Entertainment creation for: Cinema
Entertainment creation for: Musée
Entertainment creation for: Point soleil
Entertainment creation for: Laser game
Entertainment creation for: Park public
Entertainment creation for: Pub Irlandais
Entertainment creation for: Club de sport
Entertainment creation for: Bowling
Entertainment creation for: Creperie
Entertainment creation for: Pizzeria
Entertainment creation for: Bistro
Map created
Character: Matthieu FERRY created
Character: Elena ROGER created
Character: Lorenzo PRIGENT created
Population created
City created
Home created
Home created
Home created
Home created
Home created
Home created
Home created
Home created
Home created
Home created
Home created
Home created
Home created
Home created
Home created
Home created
Home created
Home created
Home created
Home created
Home created
Home created
Home created
Home created
Home created
Home created
Home created
Home created
Home created
Home created
Home created
Home created
Home created
Home created
Home created
Home created
Home created
Home created
Home created
Home created
Home created
Home created
Home created
Home created
Home created
Home created
Home created
Home created
Home created
Home created
Home created
Home created
Home created
Home created
Home created
Home created
Home created
Home created
Home created
Home created
Work creation for: Tele Systeme
Work creation for: Infocom
Work creation for: Matt&Quent's Corp
Work creation for: Cerisier Joaillerie
Work creation for: Auchan
Work creation for: Miemou Boulangerie
Work creation for: Carwash Laverie
Work creation for: Chez Dédé Atelier
Work creation for: H&M
Work creation for: Celio
Work creation for: Darty
Work creation for: La Fnac
Work creation for: Leclerc
Work creation for: La Poste
Work creation for: Credit Mutuel
Work creation for: Direct Assurance
Work creation for: Google
Work creation for: Alain Afflelou
Work creation for: SFR
Work creation for: Jennyfer
Work creation for: La Grande Récré
Work creation for: Micromania
Work creation for: Pharmatie La Vie
Entertainment creation for: Cinema
Entertainment creation for: Musée
Entertainment creation for: Point soleil
Entertainment creation for: Laser game
Entertainment creation for: Park public
Entertainment creation for: Pub Irlandais
Entertainment creation for: Club de sport
Entertainment creation for: Bowling
Entertainment creation for: Creperie
Entertainment creation for: Pizzeria
Entertainment creation for: Bistro
Map created
Character: Kenzo MOAL created
Character: Heloise VOISIN created
Character: Marius FRANCE created
Population created
City created
Home created
Home created
Home created
Home created
Home created
Home created
Home created
Home created
Home created
Home created
Home created
Home created
Home created
Home created
Home created
Home created
Home created
Home created
Home created
Home created
Home created
Home created
Home created
Home created
Home created
Home created
Home created
Home created
Home created
Home created
Home created
Home created
Home created
Home created
Home created
Home created
Home created
Home created
Home created
Home created
Home created
Home created
Home created
Home created
Home created
Home created
Home created
Home created
Home created
Home created
Home created
Home created
Home created
Home created
Home created
Home created
Home created
Home created
Home created
Home created
Work creation for: Tele Systeme
Work creation for: Infocom
Work creation for: Matt&Quent's Corp
Work creation for: Cerisier Joaillerie
Work creation for: Auchan
Work creation for: Miemou Boulangerie
Work creation for: Carwash Laverie
Work creation for: Chez Dédé Atelier
Work creation for: H&M
Work creation for: Celio
Work creation for: Darty
Work creation for: La Fnac
Work creation for: Leclerc
Work creation for: La Poste
Work creation for: Credit Mutuel
Work creation for: Direct Assurance
Work creation for: Google
Work creation for: Alain Afflelou
Work creation for: SFR
Work creation for: Jennyfer
Work creation for: La Grande Récré
Work creation for: Micromania
Work creation for: Pharmatie La Vie
Entertainment creation for: Cinema
Entertainment creation for: Musée
Entertainment creation for: Point soleil
Entertainment creation for: Laser game
Entertainment creation for: Park public
Entertainment creation for: Pub Irlandais
Entertainment creation for: Club de sport
Entertainment creation for: Bowling
Entertainment creation for: Creperie
Entertainment creation for: Pizzeria
Entertainment creation for: Bistro
Map created
Character: Mathys GROS created
Character: Ambre HUET created
Character: Quentin LESAGE created
Population created
City created
